<?xml version="1.0" encoding="UTF-8"?>
<!-- Generated by org.testng.reporters.JUnitReportReporter -->
<testsuite hostname="NAG1-LHP-N07423" failures="0" tests="2" name="com.qa.Employee.testCases.TC005_Delete_Employee_Records" time="0.003" errors="0" timestamp="2021-05-14T00:50:01 IST" skipped="0">
  <testcase classname="com.qa.Employee.testCases.TC005_Delete_Employee_Records" name="checkResposeBody" time="0.002"/>
  <system-out/>
  <testcase classname="com.qa.Employee.testCases.TC005_Delete_Employee_Records" name="checkStatusCode" time="0.001"/>
  <system-out/>
</testsuite> <!-- com.qa.Employee.testCases.TC005_Delete_Employee_Records -->
